<?xml version="1.0" encoding="utf-8"?><testsuites name="pytest tests"><testsuite name="pytest" errors="0" failures="0" skipped="0" tests="28" time="20.165" timestamp="2026-05-08T12:49:47.951804+00:00" hostname="agent-env-1bb2109f-777a-4966-88fe-78d707cda3ac"><testcase classname="backend.tests.test_backend.TestHealth" name="test_root" time="11.440" /><testcase classname="backend.tests.test_backend.TestOpportunities" name="test_list_returns_12_india_opps" time="0.258" /><testcase classname="backend.tests.test_backend.TestOpportunities" name="test_kle_tech_present" time="0.142" /><testcase classname="backend.tests.test_backend.TestOpportunities" name="test_locations_india_focused" time="0.128" /><testcase classname="backend.tests.test_backend.TestOpportunities" name="test_get_single_opp" time="0.153" /><testcase classname="backend.tests.test_backend.TestOpportunities" name="test_filter_hackathon" time="0.109" /><testcase classname="backend.tests.test_backend.TestAdminAuth" name="test_admin_login_success" time="0.129" /><testcase classname="backend.tests.test_backend.TestAdminAuth" name="test_admin_login_wrong_password" time="0.125" /><testcase classname="backend.tests.test_backend.TestAdminAuth" name="test_admin_login_wrong_username" time="0.156" /><testcase classname="backend.tests.test_backend.TestAuthMe" name="test_auth_me_unauth" time="0.116" /><testcase classname="backend.tests.test_backend.TestAuthMe" name="test_auth_me_admin" time="0.295" /><testcase classname="backend.tests.test_backend.TestAuthMe" name="test_auth_me_student" time="1.034" /><testcase classname="backend.tests.test_backend.TestAdminGuard" name="test_admin_stats_admin" time="0.137" /><testcase classname="backend.tests.test_backend.TestAdminGuard" name="test_admin_stats_student_403" time="0.105" /><testcase classname="backend.tests.test_backend.TestAdminGuard" name="test_admin_stats_unauth" time="0.108" /><testcase classname="backend.tests.test_backend.TestAdminGuard" name="test_create_opp_student_403" time="0.122" /><testcase classname="backend.tests.test_backend.TestAdminGuard" name="test_create_and_delete_opp_admin" time="0.452" /><testcase classname="backend.tests.test_backend.TestAdminGuard" name="test_delete_opp_student_403" time="0.241" /><testcase classname="backend.tests.test_backend.TestAnalytics" name="test_analytics_unauth" time="0.112" /><testcase classname="backend.tests.test_backend.TestAnalytics" name="test_analytics_student" time="0.151" /><testcase classname="backend.tests.test_backend.TestSaved" name="test_saved_unauth" time="0.099" /><testcase classname="backend.tests.test_backend.TestSaved" name="test_saved_crud" time="0.469" /><testcase classname="backend.tests.test_backend.TestProfile" name="test_profile_update" time="0.196" /><testcase classname="backend.tests.test_backend.TestNotifications" name="test_notifications_unauth" time="0.144" /><testcase classname="backend.tests.test_backend.TestNotifications" name="test_notifications_list" time="0.126" /><testcase classname="backend.tests.test_backend.TestTeamRemoved" name="test_team_users_404" time="0.152" /><testcase classname="backend.tests.test_backend.TestAI" name="test_ai_chat_unauth" time="0.128" /><testcase classname="backend.tests.test_backend.TestAI" name="test_ai_chat_student" time="3.263" /></testsuite></testsuites>